Check DONE files in 
 /project2/rkessler/SURVEYS/WFIRST/ROOT/SALT3/examples/wfirst/A1_SHALLOW/SPLIT_JOBS_LCFIT 

 Wed Jan 22 09:39:39 2020  ->  Check DONE files. 
 Wed Jan 22 09:39:59 2020  ->  Check DONE files. 
 Wed Jan 22 09:40:19 2020  ->  Check DONE files. 
 Wed Jan 22 09:40:40 2020  ->  Check DONE files. 
 Wed Jan 22 09:41:00 2020  ->  Check DONE files. 
 Wed Jan 22 09:41:20 2020  ->  Check DONE files. 
 Wed Jan 22 09:41:40 2020  ->  Check DONE files. 
 Wed Jan 22 09:42:00 2020  ->  Check DONE files. 
 Wed Jan 22 09:42:20 2020  ->  Check DONE files. 
 Wed Jan 22 09:42:40 2020  ->  Check DONE files. 
 Wed Jan 22 09:43:00 2020  ->  Check DONE files. 
 Wed Jan 22 09:43:20 2020  ->  Check DONE files. 
 Wed Jan 22 09:43:40 2020  ->  Check DONE files. 
 Wed Jan 22 09:44:00 2020  ->  Check DONE files. 
 Wed Jan 22 09:44:20 2020  ->  Check DONE files. 
 Wed Jan 22 09:44:40 2020  ->  Check DONE files. 
 Wed Jan 22 09:45:00 2020  ->  Check DONE files. 
 Wed Jan 22 09:45:20 2020  ->  Check DONE files. 
 Wed Jan 22 09:45:40 2020  ->  Check DONE files. 
 Wed Jan 22 09:46:00 2020  ->  Check DONE files. 
 Wed Jan 22 09:46:20 2020  ->  Check DONE files. 
 Wed Jan 22 09:46:40 2020  ->  Check DONE files. 
 Wed Jan 22 09:47:00 2020  ->  Check DONE files. 
 Wed Jan 22 09:47:20 2020  ->  Check DONE files. 
 Wed Jan 22 09:47:40 2020  ->  Check DONE files. 
 Wed Jan 22 09:48:00 2020  ->  Check DONE files. 
 Wed Jan 22 09:48:20 2020  ->  Check DONE files. 
 Wed Jan 22 09:48:40 2020  ->  Check DONE files. 
 Wed Jan 22 09:49:00 2020  ->  Check DONE files. 
 Wed Jan 22 09:49:20 2020  ->  Check DONE files. 
 Wed Jan 22 09:49:40 2020  ->  Check DONE files. 
 Wed Jan 22 09:50:00 2020  ->  Check DONE files. 
 Wed Jan 22 09:50:20 2020  ->  Check DONE files. 
 Wed Jan 22 09:50:40 2020  ->  Check DONE files. 
 Wed Jan 22 09:51:00 2020  ->  Check DONE files. 
 Wed Jan 22 09:51:20 2020  ->  Check DONE files. 
 Wed Jan 22 09:51:40 2020  ->  Check DONE files. 
 Wed Jan 22 09:52:00 2020  ->  Check DONE files. 
 Wed Jan 22 09:52:20 2020  ->  Check DONE files. 
 Wed Jan 22 09:52:40 2020  ->  Check DONE files. 
 Wed Jan 22 09:53:01 2020  ->  Check DONE files. 
 Wed Jan 22 09:53:21 2020  ->  Check DONE files. 
 Wed Jan 22 09:53:41 2020  ->  Check DONE files. 
 Wed Jan 22 09:54:01 2020  ->  Check DONE files. 
 Wed Jan 22 09:54:21 2020  ->  Check DONE files. 
 Wed Jan 22 09:54:41 2020  ->  Check DONE files. 
 Wed Jan 22 09:55:01 2020  ->  Check DONE files. 
 Wed Jan 22 09:55:21 2020  ->  Check DONE files. 
 Wed Jan 22 09:55:41 2020  ->  Check DONE files. 
 Found required 20 BIASCOR_Spec_DMS_FITOPT000*DONE files.
	  20 BIASCOR_Spec_DMS_FITOPT000 jobs finished gracefully. 
	   0 BIASCOR_Spec_DMS_FITOPT000 jobs ABORTED. 


 Merge FITRES TEXT-table for BIASCOR_Spec_DMS(FITOPT000) 
