65236844 starting execution Thu Jan 23 10:07:38 CST 2020 on midway2-0208.rcc.local

 ###################################### 
 ############### BEGIN ################ 
 ###################################### 

 Process SIMJOB(s) for nodeindx 10 

 Parse master input file: 
	 /project2/rkessler/SURVEYS/WFIRST/ROOT/SALT3/examples/wfirst/pipeline/WFIRST_MASTER.INPUT 

 Read/store contents of /project2/rkessler/SURVEYS/WFIRST/ROOT/SALT3/examples/wfirst/pipeline/WFIRST_MASTER.INPUT 
 Read/store contents of /project2/rkessler/SURVEYS/WFIRST/ROOT/SALT3/examples/wfirst/pipeline/WFIRST_MASTER.INPUT 
 DONE_STAMP  = /project2/rkessler/SURVEYS/WFIRST/ROOT/SALT3/examples/wfirst/SIMLOGS_SIMULATEED_SPEC_SURVEY_DMS/Sim.DONE 
 BATCH_COMMAND: sbatch /project2/rkessler/PRODUCTS/SNANA/SBATCH_TEMPLATES/SBATCH_Midway2.TEMPLATE (100 cores) 
 SSH_NODELIST(100) = Chosen by batch 
 CPULIST_INDX(100) = 1 2 3 4 5 6 7 8 9 10 11 12 13 14 15 16 17 18 19 20 21 22 23 24 25 26 27 28 29 30 31 32 33 34 35 36 37 38 39 40 41 42 43 44 45 46 47 48 49 50 51 52 53 54 55 56 57 58 59 60 61 62 63 64 65 66 67 68 69 70 71 72 73 74 75 76 77 78 79 80 81 82 83 84 85 86 87 88 89 90 91 92 93 94 95 96 97 98 99 100 
 SIMGEN_INFILE_Ia     = simulation/SIMGEN_WFIRST_SALT2_Specz.INPUT  
 Read/store contents of simulation/SIMGEN_WFIRST_SALT2_Specz.INPUT 
 GENOPT_GLOBAL  = '  GENRANGE_REDSHIFT 0.6 1.5' 

	 ***** GENVERSION SUMMARY ***** 
 GENVERSION      = 'AllSurveys_Spec_DMS_BYO' 
   GENOPT(simulation/SIMGEN_WFIRST_SALT2_Specz.INPUT) = GENMODEL $WFIRST_ROOT/SALT3/examples/wfirst/byosed/BYOSED.TEST    GENRANGE_REDSHIFT 0.6 1.5  (SNIa) 
 GENVERSION      = 'ALLSurveys_Spec_DMS_SALT2' 
   GENOPT(simulation/SIMGEN_WFIRST_SALT2_Specz.INPUT) = GENMODEL SALT2.P18_UV2IR  GENMAG_SMEAR 0.1    GENRANGE_REDSHIFT 0.6 1.5  (SNIa) 

	  RANSEED 123459    (1) 
	  RANSEED 123459    (2) 
	  RANSEED 123459    (3) 
	  RANSEED 123459    (4) 
	  RANSEED 123459    (5) 
	  RANSEED 123459    (6) 
	  RANSEED 123459    (7) 
	  RANSEED 123459    (8) 
	  RANSEED 123459    (9) 
	  RANSEED 123459    (10) 
	  RANSEED 123459    (11) 
	  RANSEED 123459    (12) 
	  RANSEED 123459    (13) 
	  RANSEED 123459    (14) 
	  RANSEED 123459    (15) 
	  RANSEED 123459    (16) 
	  RANSEED 123459    (17) 
	  RANSEED 123459    (18) 
	  RANSEED 123459    (19) 
	  RANSEED 123459    (20) 
 FORMAT_MASK = 48   (FITS)  
 NGEN_UNIT  = .05 SURVEY   
 GENPREFIX = SIMULATEED_SPEC_SURVEY_DMS  
	 Getting optional info from sim-input file ... 
 Read/store contents of simulation/SIMGEN_WFIRST_SALT2_Specz.INPUT 
 DOGEN[SNIa,NONIa] = 1,0 
 NCLASS_SIMGEN_DUMP,ALL = 0, 1 
 PATH_SNDATA_SIM ($SNDATA_ROOT/SIM) -> /scratch/midway2/rkessler/SNDATA_ROOT/SIM 


 Check for duplicate sim jobs: 
  Norm-STATUS(AllSurveys_Spec_DMS_BYO) = 1 
	 Norm-log file already exists:
	 SIMnorm_AllSurveys_Spec_DMS_BYO_SNIa.LOG . 
   Get SNIa normalization ... NGENTOT_LC(SNIa)/season = 2.170e+04 
	 NGENTOT_LC =   1085 for SNIa 

  Norm-STATUS(ALLSurveys_Spec_DMS_SALT2) = 1 
	 Norm-log file already exists:
	 SIMnorm_ALLSurveys_Spec_DMS_SALT2_SNIa.LOG . 
   Get SNIa normalization ... NGENTOT_LC(SNIa)/season = 2.170e+04 
	 NGENTOT_LC =   1085 for SNIa 


  --> CIDRAN_MAX(sum over GENVERSIONS) = 48238 


 ############################################# 
 Begin Simulations for AllSurveys_Spec_DMS_BYO ... 
	 ==> SKIP  GENVERSION AllSurveys_Spec_DMS_BYO  (JOBID 1) 
	 ==> SKIP  GENVERSION AllSurveys_Spec_DMS_BYO  (JOBID 2) 
	 ==> SKIP  GENVERSION AllSurveys_Spec_DMS_BYO  (JOBID 3) 
	 ==> SKIP  GENVERSION AllSurveys_Spec_DMS_BYO  (JOBID 4) 
	 ==> SKIP  GENVERSION AllSurveys_Spec_DMS_BYO  (JOBID 5) 
	 ==> SKIP  GENVERSION AllSurveys_Spec_DMS_BYO  (JOBID 6) 
	 ==> SKIP  GENVERSION AllSurveys_Spec_DMS_BYO  (JOBID 7) 
	 ==> SKIP  GENVERSION AllSurveys_Spec_DMS_BYO  (JOBID 8) 
	 ==> SKIP  GENVERSION AllSurveys_Spec_DMS_BYO  (JOBID 9) 
   VERSION[TEMP->FINAL] = TMP_jpie_AllSurveys_Spec_DMS_BYO-0010_36320 -> TMP_jpie_AllSurveys_Spec_DMS_BYO-0010 
   Copy input  files to /scratch/midway2/rkessler/SNDATA_ROOT/SIM/TMP_jpie_AllSurveys_Spec_DMS_BYO-0010/misc 
    Sim-0010  NGEN= 1085  CIDOFF(MAX)= 9765(48238)  MODEL=simulation/SIMGEN_WFIRST_SALT2_Specz.INPUT 
sh: line 1:  9747 Killed                  snlc_sim.exe simulation/SIMGEN_WFIRST_SALT2_Specz.INPUT PATH_SNDATA_SIM /scratch/midway2/rkessler/SNDATA_ROOT/SIM CIDRAN_MIN 0 CIDRAN_MAX 48238 CIDOFF 9765 JOBID 10 NJOBTOT 20 GENVERSION TMP_jpie_AllSurveys_Spec_DMS_BYO-0010_36320 GENPREFIX SIMULATEED_SPEC_SURVEY_DMS_SNIa-0010 RANSEED 123459 FORMAT_MASK 48 GENMODEL $WFIRST_ROOT/SALT3/examples/wfirst/byosed/BYOSED.TEST GENRANGE_REDSHIFT 0.6 1.5 NGENTOT_LC 1085 NGEN_LC 0 > /project2/rkessler/SURVEYS/WFIRST/ROOT/SALT3/examples/wfirst/SIMLOGS_SIMULATEED_SPEC_SURVEY_DMS/TMP_jpie_AllSurveys_Spec_DMS_BYO-0010_36320_SNIa.LOG
grep: /scratch/midway2/rkessler/SNDATA_ROOT/SIM/TMP_jpie_AllSurveys_Spec_DMS_BYO-0010_36320/TMP_jpie_AllSurveys_Spec_DMS_BYO-0010_36320.README: No such file or directory

 WARNING(parse_line): could not find keyword 'Wrote' 
	 in file  /scratch/midway2/rkessler/SNDATA_ROOT/SIM/TMP_jpie_AllSurveys_Spec_DMS_BYO-0010_36320/TMP_jpie_AllSurveys_Spec_DMS_BYO-0010_36320.README 
 ***** ABORT ***** 
slurmstepd-midway2-0208: error: Detected 1 oom-kill event(s) in step 65236844.batch cgroup. Some of your processes may have been killed by the cgroup out-of-memory handler.
