
 ****************************************************************** 
   Begin execution of snlc_sim.exe    
   Full command: snlc_sim.exe simulation/SIMGEN_WFIRST_SALT2_Specz.INPUT PATH_SNDATA_SIM /scratch/midway2/rkessler/SNDATA_ROOT/SIM CIDRAN_MIN 0 CIDRAN_MAX 48238 CIDOFF 2170 JOBID 3 NJOBTOT 20 GENVERSION TMP_jpie_AllSurveys_Spec_DMS_BYO-0003_36320 GENPREFIX SIMULATEED_SPEC_SURVEY_DMS_SNIa-0003 RANSEED 123459 FORMAT_MASK 48 GENMODEL /project2/rkessler/SURVEYS/WFIRST/ROOT/SALT3/examples/wfirst/byosed/BYOSED.TEST GENRANGE_REDSHIFT 0.6 1.5 NGENTOT_LC 1085 NGEN_LC 0 

 SNDATA_ROOT = /project2/rkessler/PRODUCTS/SNDATA_ROOT 
 SNANA_DIR   = /project2/rkessler/SURVEYS/WFIRST/ROOT/BYOSED_dev/SNANA 
  
  ######################################################## 
     INIT_SNVAR: Init variables.
  ######################################################## 
  
   Allocate 12.50 MB for CIDMASK array (to check duplicates)
   HOST MACHINE =    ()
   SNDATA_ROOT = /project2/rkessler/PRODUCTS/SNDATA_ROOT
   SNANA_DIR = /project2/rkessler/SURVEYS/WFIRST/ROOT/BYOSED_dev/SNANA    (v10_74m)
   sizeof(INPUTS) =   1.104 MB 
   sizeof(GENLC)  =   7.919 MB 
 --------------------------------------------------------
  Initialize uniqueMatch for sim-input file
  Read user input file 1: simulation/SIMGEN_WFIRST_SALT2_Specz.INPUT 

  PROCESS COMMAND LINE ARG: PATH_SNDATA_SIM 
  PROCESS COMMAND LINE ARG: CIDRAN_MIN 
  PROCESS COMMAND LINE ARG: CIDRAN_MAX 
  PROCESS COMMAND LINE ARG: CIDOFF 
  PROCESS COMMAND LINE ARG: JOBID 
  PROCESS COMMAND LINE ARG: NJOBTOT 
  PROCESS COMMAND LINE ARG: GENVERSION 
  PROCESS COMMAND LINE ARG: GENPREFIX 
  PROCESS COMMAND LINE ARG: RANSEED 
  PROCESS COMMAND LINE ARG: FORMAT_MASK 
  PROCESS COMMAND LINE ARG: GENMODEL 
  PROCESS COMMAND LINE ARG: GENRANGE_REDSHIFT 
  PROCESS COMMAND LINE ARG: NGENTOT_LC 
  PROCESS COMMAND LINE ARG: NGEN_LC 

 ****************************************************************** 
    prep_user_inputs summary   
	 SIMLIB file        : simulation/3tier_Survey.SIMLIB   (start LIBID=0)
	 Generation Version : TMP_jpie_AllSurveys_Spec_DMS_BYO-0003_36320 
	 Generation source  : RANDOM 
	 Generation model   : BYOSED.TEST 
	 Number of LC to Generate: 0 
	 OMEGA_(MATTER,LAMBDA)= 0.300, 0.700,    W= -1.00   H0= 70.0 
	 KCOR  file : /project2/rkessler/SURVEYS/WFIRST/ROOT/kcor/H19_cut/kcor_WFIRST_CYCLE8_IMG.fits 
	 Observer Gen-FILTERS  :  RZYJHF  
	 Random number seed: 123459 
	 Gen-Range for RA(deg)  : -360.000 to  360.000 
	 Gen-Range for DEC(deg): -360.000 to  360.000 
	 Gen-Range for ZCMB :  0.600 to  1.500  (sigma= 0.0000, bias=0.00000) 
	 Gen-Range for PEAKMJD  :  54930.0 to  55775.0  
	 Gen-Range for Trest    :    -12.0 to     45.0  days 
	 Gen-Range for SHAPEPAR  :      0.0 to      0.0  
	 Gen-Range for AV  : 0.00 to 0.00  (dN/dAv = exp(-AV/0.00) 
	 Gen-Mean  for RV  : 3.10  
	 Gen-sigma for RV  : 0.00 , 0.00 (lower , upper ) 
	 Gen-Range for RV  : 2.10 to 4.10 
	 ZP offsets (RZYJHF) :  0.000 0.000 0.000 0.000 0.000 0.000
	 MODEL mag offsets (RZYJHF) :   0.00  0.00  0.00  0.00  0.00  0.00


 ****************************************************************** 
   init_CIDRAN: initialize 3255 RANDOM CIDs (CIDOFF=2170)  
     Allocate 0.01 MB for CIDMASK array (to check duplicates)
	 CIDRAN_MIN/MAX = 0/48238   CIDOFF=2170   NSTORE_JOB=1085
	 CIDRAN_LIST memory allocation:  0.004 MB 

	 Done allocating 3255 random CIDs: 1085 for current sim-job 
	 Called random() function 3256 times.

 ****************************************************************** 
    init_RANDOMsource : CIDOFF=2170   

 ****************************************************************** 
   SIMLIB_readGlobalHeader_TEXT  
	 Opened : simulation/3tier_Survey.SIMLIB 

 ****************************************************************** 
   SIMLIB_prepGlobalHeader  
	 SIMLIB Survey    : WFIRST 
	 SIMLIB telescope : WFIRST 
	 SIMLIB Filters   : FHJRYZ 
	 SIMLIB PSF unit:    ARCSEC_FWHM 
	 SIMLIB SKYSIG unit: ADU_PER_SQPIXEL 

 *********************************** 
   SIMULATED VOLUME, TIME, RATE(POWERLAW2)
	 Survey dOmega  = 1.2754e-02 steradians  ( 0.00406 PI) 
	 Redshift range =  0.6000 -  1.5000
	 <redsfhit>     =  1.1063  (volume-weighted) 
	 Survey Volume  = 3.0763e+08  sr*(MPc/h70)^3 
	 Survey Time    =  2.3151  years/season 
	 Co-moving Time =  1.0991  years/season  [ T/(1+<z>) ] 
	 Co-moving V*T  = 3.3812e+08  sr*(MPc/h70)^3 * yr / season 
	 POWERLAW MODEL:  2.50e-05*(1+z)^1.50  (0.0 < z < 1.0) 
	 POWERLAW MODEL:  9.70e-05*(1+z)^-0.50  (1.0 < z < 3.0) 
	    MODEL-RATE(z=0.60) = 5.060e-05/Mpc^3/yr    
	    MODEL-RATE(z=0.80) = 6.037e-05/Mpc^3/yr    
	    MODEL-RATE(z=1.00) = 6.859e-05/Mpc^3/yr    
	    MODEL-RATE(z=1.20) = 6.540e-05/Mpc^3/yr    
	    MODEL-RATE(z=1.40) = 6.261e-05/Mpc^3/yr    
	 Number of EVENTS per season =  2.170e+04 


 ****************************************************************** 
   init_lensDMU  
	 Opened : /project2/rkessler/PRODUCTS/SNDATA_ROOT/models/lensing/LENSING_PROBMAP_LogNormal+MICECATv1.DAT 
	 Found 7200 rows to read. 
		 <dmu>[z=1.005] =  -4.7394e-04 
		 <dmu>[z=2.005] =   1.3686e-05 
		 <dmu>[z=3.005] =   5.6426e-05 
	 Done initializing Prpb(-1.516 < DeltaMU < 0.213) 
	 in 36 redshfit bins from 0.405 to 3.905 

 ****************************************************************** 
   Initialize SEARCH EFFICIENCY for 'WFIRST' 
  
   Read Detection-efficiency curves: 
	 Epoch SEARCH_EFF(Z) =  1.00 at SNR =  3.00 
	 Epoch SEARCH_EFF(Z) =  0.00 at SNR =  0.00 
	 Epoch SEARCH_EFF(Y) =  1.00 at SNR =  3.00 
	 Epoch SEARCH_EFF(Y) =  0.00 at SNR =  0.00 
	 Epoch SEARCH_EFF(J) =  1.00 at SNR =  3.00 
	 Epoch SEARCH_EFF(J) =  0.00 at SNR =  0.00 
	 Epoch SEARCH_EFF(H) =  1.00 at SNR =  3.00 
	 Epoch SEARCH_EFF(H) =  0.00 at SNR =  0.00 
	 Epoch SEARCH_EFF(F) =  1.00 at SNR =  3.00 
	 Epoch SEARCH_EFF(F) =  0.00 at SNR =  0.00 
	 Epoch SEARCH_EFF(B) =  1.00 at SNR =  3.00 
	 Epoch SEARCH_EFF(B) =  0.00 at SNR =  0.00 
	 Epoch SEARCH_EFF(V) =  1.00 at SNR =  3.00 
	 Epoch SEARCH_EFF(V) =  0.00 at SNR =  0.00 
	 Epoch SEARCH_EFF(R) =  1.00 at SNR =  3.00 
	 Epoch SEARCH_EFF(R) =  0.00 at SNR =  0.00 
	 Epoch SEARCH_EFF(I) =  1.00 at SNR =  3.00 
	 Epoch SEARCH_EFF(I) =  0.00 at SNR =  0.00 
	 Epoch SEARCH_EFF(G) =  1.00 at SNR =  3.00 
	 Epoch SEARCH_EFF(G) =  0.00 at SNR =  0.00 

   Fetch SOFTWARE SEARCH-LOGIC from : 
	 /project2/rkessler/SURVEYS/WFIRST/ROOT/models/searcheff/SEARCHEFF_PIPELINE_LOGIC.DAT 
	 Logic: 1 MJDs require filters=YJ+HJ 
	 Trigger epoch contains all obs withing 0.400 days


  Optional SEARCHEFF_SPEC_FILE not specified -> skip. 

  Optional SEARCHEFF_zHOST_FILE not specified -> Eff=1.0 

  Optional SEARCHEFF_zHOST_FILE not specified -> Eff=1.0 
  
  ============================================= 
  RDKCOR_FITS: Read Calib/Kcor tables.
    Opened /project2/rkessler/SURVEYS/WFIRST/ROOT/kcor/H19_cut/kcor_WFIRST_CYCLE8_IMG.fits
    with Blocksize=  1   and ISTAT=     0
  
      RDKCOR_FITS_HEAD    
         Read VERSION      =   3  (kcor.exe version)
         Read NPRIM        =   1  primary refs
         Read NFILTERS     =   7  filters
         Read NKCOR        =   0  K-COR tables
      RDKCOR_FITS_ZPT 
      RDKCOR_FITS_SNSED 
      RDKCOR_FITS_KCOR  
      RDKCOR_FITS_MAGS  
      RDKCOR_FITS_FILTERS 
      RDKCOR_FITS_PRIMARYSED  
      FTCLOSE  
         ---------------------- 
         !!! RDKCOR_SUMMARY !!! 
         ---------------------- 
    Primary spectrum: AB                                      
  
  FILTER SUMMARY (RDKCOR) : 
  internal                    LAM  LAM   rest-lam      primary
  index name                  AVG  RMS   kcor range    mag   ZP
 ------------------------------------------------------------------
  14 R062-R                  6359  780      0-    0   0.000  0.000
  51 Z087-Z                  8702  635      0-    0   0.000  0.000
  06 Y106-Y                 10589  779      0-    0   0.000  0.000
  07 J129-J                 12926  954      0-    0   0.000  0.000
  08 H158-H                 15798 1161      0-    0   0.000  0.000
  40 F184-F                 18429  946      0-    0   0.000  0.000
 ------------------------------------------------------------------
    NFILTDEF[SURVEY,REST] =    6   0
  
  
   RDKCOR: Done. 
  ---------------------------------------------- 
  
    Zeropoint offsets (ZPOFF) from : KCOR file
         Will apply net MAGOBS_SHIFT_ZP(R) =  0.0000
         Will apply net MAGOBS_SHIFT_ZP(Z) =  0.0000
         Will apply net MAGOBS_SHIFT_ZP(Y) =  0.0000
         Will apply net MAGOBS_SHIFT_ZP(J) =  0.0000
         Will apply net MAGOBS_SHIFT_ZP(H) =  0.0000
         Will apply net MAGOBS_SHIFT_ZP(F) =  0.0000


 ****************************************************************** 
   init_genmag_BYOSED  
   BYOSED PATH    = '/project2/rkessler/SURVEYS/WFIRST/ROOT/SALT3/examples/wfirst/byosed/BYOSED.TEST' 
   BYOSED OPTMASK = 0 
   BYOSED ARGLIST = '' 
   BYOSED HOSTPAR = 'RV,AV,ZCMB' 
   filtdump_SEDMODEL: Read primary ref 'AB' with 2311 lambda bins 

   Defined                                 Lambda           AB     AB 
   Filter                  <LAMBDA>        Range(step)      mag    ZP 
   ----------------------------------------------------------------------
   id=14 (      R062-R)   ( 6358.7 + 0)   4200- 7900( 10)   0.000  15.807  
   id=51 (      Z087-Z)   ( 8702.5 + 0)   7000-10200( 10)   0.000  15.318  
   id=06 (      Y106-Y)   (10588.8 + 0)   8600-12400( 10)   0.000  15.334  
   id=07 (      J129-J)   (12925.6 + 0)  10600-15100( 10)   0.000  15.340  
   id=08 (      H158-H)   (15797.9 + 0)  13000-18400( 10)   0.000  15.308  
   id=40 (      F184-F)   (18429.4 + 0)  15900-20700( 10)   0.000  14.919  
   ----------------------------------------------------------------------
