  
  ######################################################## 
     INIT_SNVAR: Init variables.
  ######################################################## 
  
   Allocate 12.50 MB for CIDMASK array (to check duplicates)
   HOST MACHINE =    ()
   SNDATA_ROOT = /project2/rkessler/PRODUCTS/SNDATA_ROOT
   SNANA_DIR = /project2/rkessler/SURVEYS/WFIRST/ROOT/BYOSED_dev/SNANA    (v10_74m)
  
  ######################################################## 
     READ SNLCINP NAMELIST. 
  ######################################################## 
  
    Read namelist file: /project2/rkessler/SURVEYS/WFIRST/ROOT/SALT3/examples/wfirst/pipeline/WFIRST_ALLSURVEYS.NML
      PROCESS COMMAND LINE ARG: VERSION_PHOTOMETRY
      PROCESS COMMAND LINE ARG: TEXTFILE_PREFIX
      PROCESS COMMAND LINE ARG: JOBSPLIT
      PROCESS COMMAND LINE ARG: MXLC_PLOT
&SNLCINP
 VERSION_PHOTOMETRY="ALLSurveys_Spec_DMS_SALT2                                               ", 49*"NULL                                                                    ",
 VERSION_REPLACE="NULL                                                                    ",
 VERSION_REFORMAT_FITS="NULL                                                                    ",
 PRIVATE_DATA_PATH="                                                                                                                                                                ",
 FILTER_UPDATE_PATH="                                                                                                                                                                ",
 NONSURVEY_FILTERS="                                                                                                    ",
 SNRMAX_FILTERS="                                                                                                    ",
 VPEC_ERR_OVERRIDE=  0.00000000    ,
 FILTER_REPLACE="                                                                                                    ",
 FILTLIST_LAMSHIFT="                                                                                                    ",
 JOBSPLIT=          1,         10,
 JOBSPLIT_EXTERNAL= 2*1          ,
 SIM_PRESCALE=  1.00000000    ,
 MXLC_FIT=  999888777,
 OPTSIM_LCWIDTH=          0,
 OPT_REFORMAT_TERSE=          0,
 OPT_REFORMAT_TEXT=          0,
 OPT_REFORMAT_SALT2=          0,
 REFORMAT_KEYS="NULL                                                                                                                                                                                                    ",
 OPT_REFORMAT_FITS=          0,
 SNMJD_LIST_FILE="                                                                                                                                                                                                        ",
 SNMJD_OUT_FILE="                                                                                                                                                                                                        ",
 MNFIT_PKMJD_LOGFILE="MNFIT_PKMJD.LOG                                                                                                                                                                                         ",
 HFILE_OUT="                                                                                                                                                                                                        ",
 ROOTFILE_OUT="                                                                                                                                                                                                        ",
 TEXTFILE_PREFIX="ALLSurveys_Spec_DMS_SALT2_FITOPT000_SPLIT001                                                                                                                                                            ",
 SNTABLE_LIST="FITRES NOZPHOT                                                                                                                                                                                          ",
 SNTABLE_FILTER_REMAP="                                                                                                                                                                                                        ",
 KCOR_FILE="$WFIRST_ROOT/kcor/H19_cut/kcor_WFIRST_CYCLE8_IMG.fits                                                                                                                                                   ",
 USERTAGS_FILE="                                                                                                                                                                                                        ",
 VPEC_FILE="                                                                                                                                                                                                        ",
 HEADER_OVERRIDE_FILE="                                                                                                                                                                                                        ",
 EPOCH_IGNORE_FILE="DEFAULT                                                                                                                                                                                                 ",
 SNCID_LIST_FILE="                                                                                                                                                                                                        ",
 NONLINEARITY_FILE="                                                                                                                                                                                                        ",
 SIMLIB_OUT="                                                                                                                                                                                                        ",
 SIMLIB_ZPERR_LIST="                                                                                                                                                                                                        ",
 OPT_SIMLIB_OUT=          1,
 NFIT_ITERATION=          2,
 MINUIT_PRINT_LEVEL=         -1,
 INTERP_OPT=          1,
 USE_MINOS=T,
 OPT_SETPKMJD=          0,
 SNRCUT_SETPKMJD=  5.00000000    ,
 MJDWIN_SETPKMJD=  60.0000000    ,
 OPT_DEBUG=          0,
 LSIM_SEARCH_SPEC=F,
 LSIM_SEARCH_ZHOST=F,
 LDMP_SNFAIL=F,
 LDMP_SNANA_VERSION=F,
 LTEST_KCOR=F,
 LTEST_INTERP=F,
 LTEST_MAG=F,
 LTEST_U3BAND=F,
 USESIM_SNIA=T,
 USESIM_SNCC=F,
 USESIM_TRUEFLUX=F,
 USE_SNHOST_ZPHOT=F,
 RESTORE_DES3YR=F,
 ABORT_ON_NOEPOCHS=F,
 ABORT_ON_BADAVWARP=T,
 ABORT_ON_NOPKMJD=T,
 ABORT_ON_BADZ=T,
 ABORT_ON_BADKCOR=T,
 ABORT_ON_BADSURVEY=T,
 ABORT_ON_MARGPDF0=T,
 ABORT_ON_TRESTCUT=T,
 ABORT_ON_DUPLCID=F,
 ABORT_ON_DUPLMJD=F,
 ABORT_ON_BADHEADER=T,
 ABORT_ON_BADFILTER=F,
 H0_REF=  70.000000000000000     ,  7.0000000000000009     ,
 OLAM_REF= 0.69999999999999996     ,  2.9999999329447746E-002,
 OMAT_REF= 0.29999999999999999     ,  2.9999999329447746E-002,
 W0_REF= -1.0000000000000000     , 0.10000000149011612     ,
 DWDA_REF= 2*0.0000000000000000       ,
 USE_MWCOR=F,
 DOBUG_LAMRANGE=F,
 MXLC_PLOT=          3,
 NCCID_PLOT=          0,
 SNCCID_PLOT= 52*"                    ",
 DTOBS_MODEL_PLOT=  2.00000000    ,
 MULTISEASON_OPTMASK=          0,
 MULTISEASON_TGAP=  1.00000000E+09,
 MULTISEASON_NREJECT_OUTLIER=  0.00000000    ,
 MULTISEASON_CHI2RED_ACTIVE=  5.00000000    ,
 APPLY_FLUXCOR_BUG=          1,
 PHOTFLAG_DETECT=          0,
 PHOTFLAG_TRIGGER=          0,
 SNTYPE_LIST= 52*0          ,
 SNCID_LIST= 52*0          ,
 SNCCID_LIST= 52*"                    ",
 MXEVT_PROCESS=  999888777,
 SNCCID_IGNORE= 52*"                    ",
 SNCID_IGNORE_FILE="                                                                                                                                                                                                        ",
 SNCID_IGNORE= 52*0          ,
 SNTYPE_IGNORE= 52*0          ,
 CCDNUM_LIST= 52*0          ,
 SIM_TEMPLATE_INDEX_LIST= 52*0          ,
 SNFIELD_LIST="ALL                                                         ", 51*"                                                            ",
 SNTEL_LIST="ALL                 ", 51*"                    ",
 PHOTFLAG_MSKREJ= 5*0          ,
 CUTWIN_CID=  0.00000000    ,  20000000.0    ,
 CUTWIN_REDSHIFT= -9.99999996E+11,  9.99999996E+11,
 CUTWIN_REDSHIFT_ERR= -9.99999996E+11,  9.99999996E+11,
 CUTWIN_RA= -9.99999996E+11,  9.99999996E+11,
 CUTWIN_DEC= -9.99999996E+11,  9.99999996E+11,
 CUTWIN_HOSTSEP= -9.99999996E+11,  9.99999996E+11,
 CUTWIN_NEPOCH= -9.99999996E+11,  9.99999996E+11,
 CUTWIN_SNRMAX=  10.0000000    ,  9.99999996E+11,
 CUTWIN_SNRMAX2=  5.00000000    ,  999999.000    ,
 CUTWIN_NFIELD=  1.00000000    ,  999.000000    ,
 CUTWIN_MWEBV= -9.99999996E+11,  9.99999996E+11,
 CUTWIN_NSEASON_ACTIVE= -99.0000000    ,  99.0000000    ,
 CUTWIN_TRESTMIN= -9.99999996E+11,  9.99999996E+11,
 CUTWIN_TRESTMAX= -9.99999996E+11,  9.99999996E+11,
 CUTWIN_TRESTRANGE= -9.99999996E+11,  9.99999996E+11,
 CUTWIN_TREST= -9.99999996E+11,  9.99999996E+11,
 CUTWIN_TOBS= -9.99999996E+11,  9.99999996E+11,
 CUTWIN_TGAPMAX= -9.99999996E+11,  9.99999996E+11,
 CUTWIN_T0GAPMAX= -9.99999996E+11,  9.99999996E+11,
 CUTWIN_TOBSMIN= -9.99999996E+11,  9.99999996E+11,
 CUTWIN_TOBSMAX= -9.99999996E+11,  9.99999996E+11,
 CUTWIN_PEAKMJD= -9.99999996E+11,  9.99999996E+11,
 CUTWIN_MJD= -9.99999996E+11,  9.99999996E+11,
 CUTWIN_PSF= -9.99999996E+11,  9.99999996E+11,
 CUTWIN_ZP= -9.99999996E+11,  9.99999996E+11,
 CUTWIN_ZPADU= 2*0.00000000      ,
 CUTWIN_ZPNPE= 2*0.00000000      ,
 CUTWIN_PHOTPROB= -9.99999996E+11,  9.99999996E+11,
 CUTWIN_ERRTEST= -9.99999996E+11,  9.99999996E+11,
 CUTWIN_NBAND_THRESH= 2*-9.00000000     ,
 CUTWIN_NFILT_SNRMAX=  1.00000000    ,  99.0000000    ,
 CUTWIN_NFILT_SNRMAX2=  2.00000000    ,  99.0000000    ,
 CUTWIN_NFILT_TRESTMIN=  1.00000000    ,  100.000000    ,
 CUTWIN_NFILT_TRESTMAX=  1.00000000    ,  100.000000    ,
 CUTWIN_TREST2= -9.99999996E+11,  9.99999996E+11,
 CUTWIN_NFILT_TREST2=  1.00000000    ,  100.000000    ,
 CUTWIN_RESTLAM=  2000.00000    ,  25000.0000    ,
 CUTWIN_LAMREST=  2000.00000    ,  25000.0000    ,
 CUTWIN_LAMOBS=  2000.00000    ,  25000.0000    ,
 PRIVATE_CUTWIN_STRING= 10*"                                                                                                                                                                ",
 PRIVATE_REDSHIFT_CMB="                                                            ",
 SIMVAR_CUTWIN_STRING="                                                                                                                                                                ",
 EARLYLC_STRING="                                                                                                                                                                ",
 REQUIRE_EPOCHS_STRING="                                                                                                    ",
 DUMP_STRING="                                                                                                    ",
 SNCUT_SNRMAX="                                                                                                                                                                ",
 SNCUT_HOST_SBFLUX="                                                                                                                                                                ",
 EPCUT_SNRMIN="                                                                                                                                                                ",
 EPCUT_SKYSIG="                                                                                                                                                                ",
 EPCUT_PSFSIG="                                                                                                                                                                ",
 MAGOBS_SHIFT_PRIMARY="                                                                                                                                                                ",
 MAGOBS_SHIFT_ZP="                                                                                                                                                                ",
 MAGREST_SHIFT_PRIMARY="                                                                                                                                                                ",
 MAGREST_SHIFT_ZP="                                                                                                                                                                ",
 FILTER_LAMSHIFT="                                                                                                                                                                ",
 MAGOBS_SHIFT_PRIMARY_PARAMS= 3*0.00000000      ,
 MAGOBS_SHIFT_ZP_PARAMS= 3*0.00000000      ,
 FUDGE_FLUXCAL_OFFSET="                                                                                                                                                                ",
 FUDGE_FLUXCAL_ERROR="                                                                                                                                                                ",
 FUDGE_FLUXCAL_ERRPIX="                                                                                                                                                                ",
 FUDGE_MAG_ERROR="                                                                                                                                                                ",
 FUDGE_MAG_COVERR="                                                                                                                                                                ",
 FLUXERRMODEL_FILE="                                                                                                                                                                                                        ",
 SIM_FLUXERRMODEL_FILE="                                                                                                                                                                                                        ",
 FLUXERRMODEL_OPTMASK=          0,
 MAGCOR_FILE="                                                                                                                                                                                                        ",
 SIM_MAGCOR_FILE="                                                                                                                                                                                                        ",
 FUDGE_HOSTNOISE_FILE="                                                                                                                                                                                                        ",
 RV_MWCOLORLAW= -9.00000000    ,
 OPT_MWCOLORLAW=         -9,
 OPT_MWEBV=          1,
 MWEBV_SCALE=  1.00000000    ,
 MWEBV_SHIFT=  0.00000000    ,
 REDSHIFT_FINAL_SHIFT=  0.00000000    ,
 FLUXERRCALC_ZPTERR= -9.89999962    ,
 CUTWIN_MJD_EXCLUDE= 2*0.00000000      ,
 CUTWIN_MJD_INCLUDE= -9.99999996E+11,  9.99999996E+11,
 CUTWIN_NMJD_INCLUDE= 0.990000010    ,  9.99999996E+11,
 /
  ###################################################### 
  RD_SNFITSIO_INIT: 
  Prepare to read PHOTOMETRY VERSION 'ALLSurveys_Spec_DMS_SALT2' from 
	 /scratch/midway2/rkessler/SNDATA_ROOT/SIM/ALLSurveys_Spec_DMS_SALT2 
  ###################################################### 
  
  ######################################################## 
    RDSURVEY_FITS: FETCH GLOBAL SURVEY INFO from HEADER         
  ######################################################## 
  
    Found SURVEY  = WFIRST   (IDSURVEY=103)
    Found FILTERS = RZYJHF   (NFILTDEF=  6)
    Found   13344 SN Candidates to Process.
  
  
  INIT_CUTMASK: NCUTBIT          =           57
  INIT_CUTMASK: CUTMASK8_SN_ALL  =      1125899906842623
  INIT_CUTMASK: CUTMASK8_MJD_ALL =    142989288169013248
  
  ============================================= 
  RDKCOR_FITS: Read Calib/Kcor tables.
    Opened /project2/rkessler/SURVEYS/WFIRST/ROOT/kcor/H19_cut/kcor_WFIRST_CYCLE8_IMG.fits
    with Blocksize=  1   and ISTAT=     0
  
      RDKCOR_FITS_HEAD    
         Read VERSION      =   3  (kcor.exe version)
         Read NPRIM        =   1  primary refs
         Read NFILTERS     =   7  filters
         Read NKCOR        =   0  K-COR tables
      RDKCOR_FITS_ZPT 
      RDKCOR_FITS_SNSED 
      RDKCOR_FITS_KCOR  
      RDKCOR_FITS_MAGS  
      RDKCOR_FITS_FILTERS 
      RDKCOR_FITS_PRIMARYSED  
      FTCLOSE  
         ---------------------- 
         !!! RDKCOR_SUMMARY !!! 
         ---------------------- 
    Primary spectrum: AB                                      
  
  FILTER SUMMARY (RDKCOR) : 
  internal                    LAM  LAM   rest-lam      primary
  index name                  AVG  RMS   kcor range    mag   ZP
 ------------------------------------------------------------------
  14 R062-R                  6359  780      0-    0   0.000  0.000
  51 Z087-Z                  8702  635      0-    0   0.000  0.000
  06 Y106-Y                 10589  779      0-    0   0.000  0.000
  07 J129-J                 12926  954      0-    0   0.000  0.000
  08 H158-H                 15798 1161      0-    0   0.000  0.000
  40 F184-F                 18429  946      0-    0   0.000  0.000
 ------------------------------------------------------------------
    NFILTDEF[SURVEY,REST] =    6   0
  
  
   RDKCOR: Done. 
  ---------------------------------------------- 
  
    Zeropoint offsets (ZPOFF) from : KCOR file
         Will apply net MAGOBS_SHIFT_ZP(R) =  0.0000
         Will apply net MAGOBS_SHIFT_ZP(Z) =  0.0000
         Will apply net MAGOBS_SHIFT_ZP(Y) =  0.0000
         Will apply net MAGOBS_SHIFT_ZP(J) =  0.0000
         Will apply net MAGOBS_SHIFT_ZP(H) =  0.0000
         Will apply net MAGOBS_SHIFT_ZP(F) =  0.0000
  
  ######################################################## 
    INIT_GALextinct
  ######################################################## 
  
    RV_MWCOLORLAW  ->  3.10 from Simulation
    OPT_MWCOLORLAW ->  94 from Simulation
    OPT_MWCOLORLAW =   94 -> CCM89+ODonell94
  
    OPT_MWEBV ->   1 from User (&SNLCINP)
    OPT_MWEBV =    1 -> FILE value (SIMLIB or data header)
  
  ######################################################## 
    INIT_SNTABLE_OPTIONS  
  ######################################################## 
  
       SNANA-table: USE=0   TEXTFORMAT=none
      FITRES-table: USE=1   TEXTFORMAT=key 
     SNLCPAK-table: MXLC_PLOT=     0   TEXTFORMAT=none
     SPECPAK-table: MXLC_PLOT=     0   TEXTFORMAT=none
    MODELSPE-table: USE=0   TEXTFORMAT=none
       SNANA-table: select CUTFLAG_SNANA &  63
  
  ######################################################## 
    PLOT THEORY HUBBLE DIAGRAMS for REFERENCE
  ######################################################## 
  
  
  ######################################################## 
    CALL FITPAR_INI
  ######################################################## 
  
  
  ######################################################## 
     READ &FITINP NAMELIST
  ######################################################## 
  
  
&FITINP
 FITMODEL_NAME="SALT2.P18_UV2IR                                                                                                                                                                                         ",
 RESTLAMBDA_FITRANGE=  3800.00000    ,  8200.00000    ,
 UVLAM_EXTRAPFLUX=  500.000000    ,
 FILTLIST_FIT="RZYJHF                                                                                              ",
 FILTLIST_DMPFCN="                    ",
 FILTER_FITMAGDIF="    ",
 DUMB_DEBUG=F,
 FILTLIST_FITRESTMAG="            ",
 LUMIFIX_FITRESTMAG=  999.000000    ,
 SHAPEFIX_FITRESTMAG=  999.000000    ,
 COLORFIX_FITRESTMAG=  999.000000    ,
 LAMEXTRAP_FITRESTMAG=  0.00000000    ,
 FILTLIST_DMPFUN="                    ",
 TREST_DMPFUN= -999.000000    ,  999.000000    ,
 SCALE_PLOTCHI2=  1.00000000    ,
 NEARFILT_IGNORE_REST="                    ",
 FILTLAM_SHIFT="                                                                                                    ",
 DOFIT_PHOTOZ=F,
 SKIP_PHOTOZ_INIT=F,
 LDMP_PHOTOZ_DROPFILTER=F,
 LFIXPAR_ALL=F,
 LFIXPAR_ADJUST=F,
 LKCOR_AVWARP=T,
 LKCOR_STRETCH=F,
 USE_MODEL_MAGERR=T,
 DOCHI2_SIGMA=F,
 LAMREST_MODEL_SMOOTH= -9.00000000    ,
 CHECK_CRAZYFITERR=T,
 SIMEFF_FILE="                                                                                                                                                                                                        ",
 STRETCH_TEMPLATE_FILE="                                                                                                                                                                                                        ",
 SALT2_DICTFILE="                                                                                                                                                                                                        ",
 DELCHI2_REJECT=  1.00000000E+09,
 SIGNOISE_REJECT= -9.00000000    ,
 PEAKMJD_SANITY=  0.00000000    ,  1000000.00    ,
 FITWIN_ZPULL= -900000000.    ,  900000000.    ,
 FITWIN_ZPHOT= -900000000.    ,  900000000.    ,
 FITWIN_COLOR= -900000000.    ,  900000000.    ,
 FITWIN_SHAPE= -900000000.    ,  900000000.    ,
 FITWIN_MJD= -900000000.    ,  900000000.    ,
 FITWIN_PROB=  9.99999978E-03,  1.00999999    ,
 FITWIN_NOMARG_PROB= -900000000.    ,  900000000.    ,
 FITWIN_CHI2SIGMA= -900000000.    ,  900000000.    ,
 FITWIN_TREST= -15.0000000    ,  45.0000000    ,
 FITWIN_TREST_FILTER="                                                                                                                        ",
 FITWIN_TREST_FILT= 200*0.00000000      ,
 FITWIN_COV_OFFDIAG= -8.00000000    ,  8.00000000    ,
 FITWIN_PEAKMJD_ERR=  0.00000000    ,  30000.0000    ,
 FITWIN_MB_ERR=  0.00000000    ,  1.00000000    ,
 FITWIN_SHAPE_ERR=  0.00000000    ,  30000.0000    ,
 FITWIN_COLOR_ERR=  0.00000000    ,  30000.0000    ,
 FITWIN_PEAKMJD_ERRZ1=  0.00000000    ,  30000.0000    ,
 FITWIN_MB_ERRZ1=  0.00000000    ,  30000.0000    ,
 FITWIN_SHAPE_ERRZ1=  0.00000000    ,  30000.0000    ,
 FITWIN_COLOR_ERRZ1=  0.00000000    ,  30000.0000    ,
 SNMAGRMS_FOR_PHOTOZ= 0.119999997    ,
 TREST_REJECT= -15.0000000    ,  45.0000000    ,
 MJD_REJECT= -900000000.    ,  900000000.    ,
 USESIM_AV=F,
 USESIM_RV=F,
 USESIM_COLOR=F,
 USESIM_LUMIPAR=F,
 USESIM_SHAPE=F,
 USESIM_PEAKMJD=F,
 USESIM_DLMAG=F,
 USESIM_REDSHIFT=F,
 INISTP_PEAKMJD=  2.00000000    ,
 INISTP_AV= 0.200000003    ,
 INISTP_RV=  0.00000000    ,
 INISTP_AVRV=  0.00000000    ,
 INISTP_DLMAG= 0.500000000    ,
 INISTP_X0=  9.99999975E-06,
 INISTP_PHOTOZ=  0.00000000    ,
 INISTP_COLOR=  2.99999993E-02,
 INISTP_SHAPE= 0.300000012    ,
 INISTP_SHAPE2=  0.00000000    ,
 INIVAL_PEAKMJD= -99999.0000    ,
 INIVAL_AV= -99999.0000    ,
 INIVAL_RV=  3.09999990    ,
 INIVAL_AVRV= 0.100000001    ,
 INIVAL_DLMAG= -99999.0000    ,
 INIVAL_PHOTOZ= -99999.0000    ,
 INIVAL_COLOR=  9.99999978E-03,
 INIVAL_X0= -99999.0000    ,
 INIVAL_SHAPE= -99999.0000    ,
 INIVAL_SHAPE2= -99999.0000    ,
 INIVAL_SHIFT_ERRFRAC=  0.00000000    ,
 FRACERRDIF_REPEATFIT=  1.00000000E+09,
 OPT_COVAR=          1,
 OPT_COVAR_FLUX=          1,
 OPT_COVAR_MWXTERR=          1,
 OPT_XTMW_ERR=          1,
 OPT_COVAR_LCFIT=          0,
 OPT_SNXT=          1,
 OPT_KCORERR=          2,
 OPT_NEARFILT=          2,
 OPT_LANDOLT=          0,
 ZSCALE_SIMEFF=  1.00000000    ,
 UCOR_BXB=F,
 OPT_PHOTOZ=          0,
 ISCALE_COURSEBIN_PHOTOZ=          1,
 NEVAL_MCMC_PHOTOZ=          0,
 PARLIST_MCMC_PHOTOZ=  0.00000000    ,  20.0000000    , 0.330000013    , 0.899999976    ,  1.00000000    ,
 
 FUDGE_COVAR=  0.00000000    ,
 SCALE_COVAR=  1.00000000    ,
 LANDOLT_COLOR_SHIFT= 10*0.00000000      ,
 NGRID_PDF=          0,
 NSIGMA_PDF=          4,
 MAX_INTEGPDF=          3,
 PRIOR_AVEXP= 0.333999991    ,  1.00000000E+09,
 PRIOR_AVWGT=  1.00000000    ,  0.00000000    ,
 PRIOR_AVRES=  0.00000000    ,
 PRIOR_MJDSIG=  5.00000000    ,
 PRIOR_ZERRSCALE=  1000.00000    ,
 PRIOR_MUERRSCALE=  1000.00000    ,
 DOPRIOR_DLMAG=F,
 PRIOR_COLOR_RANGE=-0.400000006    , 0.600000024    ,
 PRIOR_COLOR_SIGMA=  9.99999978E-03,
 PRIOR_SHAPE_RANGE= -4.00000000    ,  4.00000000    ,
 PRIOR_SHAPE_SIGMA= 0.100000001    ,
 PRIOR_LUMIPAR_RANGE= -9.00000000    ,  9.00000000    ,
 PRIOR_LUMIPAR_SIGMA= 0.100000001    ,
 PRIOR_DELTA_PROFILE= 0.230000004    , 0.479999989    ,-0.239999995    , 0.100000001    ,
 OPT_PRIOR=          1,
 OPT_PRIOR_AV=          1,
 OPT_SIMEFF=          0,
 OPT_MNSTAT_COV=          1,
 SIMFIT_IDEAL_PRESCALE=          0,
 MINOS_ERR_DLMAG=F,
 MINOS_ERR_REQALL0=F,
 MINOS_ERR_REQALL1=F,
 MINOS_ERRMAX_BAD=T,
 CONTOUR_LIST= 80*0          ,
 LTRACE=F,
 LPLOTCHI2=F,
 IPAR_PLOTCHI2=          0,
 FUDGE_FITERR_MAXFRAC=  0.00000000    ,
 FUDGE_FITERR_TREST= 4*999.000000      ,
 FUDGE_FITERR_PASSBANDS="NULL                                                                                                ",
 FUDGE_FITERR_RESTLAM= 2*1000.00000      , 2*90000.0000      ,
 FUDGE_MAGERR_MODEL= -9.00000000    ,
 FUDGE_FITERR_MAXITER=          9,
 FUDGEALL_MAXFRAC=  0.00000000    ,
 FUDGEALL_ITER1_MAXFRAC=  1.99999996E-02,
 FUDGE_DATAERR_SCALE=  1.00000000    ,
 FUDGE_MODELERR_SCALE=  1.00000000    ,
 FITCOVAR_FILE="                                                                                                                                                                                                        ",
 FITRES_ADDERR_DLMAG=  0.00000000    ,
 FITRES_ADDERR_REDSHIFT=  0.00000000    ,
 TREST_PEAKRENORM= 2*0.00000000      ,
 SALT2ALPHA= 0.140000001    ,
 SALT2BETA=  3.20000005    ,
 OPT_SALT2FIT=          0,
 PHOTODZ_REJECT=  5.00000007E-02,
 PHOTODZ1Z_REJECT= -99.0000000    ,
 PHOTOZ_ITER1_LAMRANGE=  4000.00000    ,  26000.0000    ,
 PHOTOZ_BOUND=  9.99999997E-07,  1.39999998    ,
 MAGLIM_VMAX="                                                            ",
 OPT_VMAX=          0,
 /

 ****************************************************************** 
   init_genmag_SALT2 : Initialize SALT2.P18_UV2IR  
   filtdump_SEDMODEL: Read primary ref 'AB' with 2311 lambda bins 

   Defined                                 Lambda           AB     AB 
   Filter                  <LAMBDA>        Range(step)      mag    ZP 
   ----------------------------------------------------------------------
   id=14 (      R062-R)   ( 6358.7 + 0)   4200- 7900( 10)   0.000  15.807  
   id=51 (      Z087-Z)   ( 8702.5 + 0)   7000-10200( 10)   0.000  15.318  
   id=06 (      Y106-Y)   (10588.8 + 0)   8600-12400( 10)   0.000  15.334  
   id=07 (      J129-J)   (12925.6 + 0)  10600-15100( 10)   0.000  15.340  
   id=08 (      H158-H)   (15797.9 + 0)  13000-18400( 10)   0.000  15.308  
   id=40 (      F184-F)   (18429.4 + 0)  15900-20700( 10)   0.000  14.919  
   ----------------------------------------------------------------------
  Read SALT2 model parameters from  
	  /project2/rkessler/PRODUCTS/SNDATA_ROOT/models/SALT2/SALT2.P18_UV2IR

  SALT2.INFO 
	 RESTLAMBDA_RANGE:    1200 -  23000 A
	 Global MAG OFFSET:   0.270 mag  
	 COLOR OFFSET:   0.000 mag  
	 COLORLAW PARAMS:  
	    B,V_WAVELENGTH = 4302.6 , 5428.6 
	    INTERP LAMBDA RANGE:  2800.0 -  7000.0 
	    Polynomial params: -0.504  0.788 -0.462  0.082 
	 MAGERR_FLOOR:   0.005 mag  
	 MAGERR(OBS)  +=  0.100 mag for   2000  < LAMOBS <   4000 
	 MAGERR(REST) =  0.100 mag for    100 < LAMREST <    200 
	 SEDFLUX_INTERP_OPT:  2  (Spline  then Linear with LAMSTEP/2 and DAYSTEP/5) 
	 ERRMAP_INTERP_OPT:   1  (Linear) 
	 ERRMAP_KCOR_OPT:     1  (ON) 

  Read  SALT2-0  SED  from : 
    /project2/rkessler/PRODUCTS/SNDATA_ROOT/models/SALT2/SALT2.P18_UV2IR/salt2_template_0.dat 
    Extrap UVLAM: 1700.0 -> 500.0 A  (NLAM=2330->2450) 
  Store SED-0  LAM(MIN,MAX,STEP)= 500,24990,5  DAY(MIN,MAX,STEP)=-20,50,0.2 

  Read  SALT2-1  SED  from : 
    /project2/rkessler/PRODUCTS/SNDATA_ROOT/models/SALT2/SALT2.P18_UV2IR/salt2_template_1.dat 
    Extrap UVLAM: 1700.0 -> 500.0 A  (NLAM=2330->2450) 
  Store SED-1  LAM(MIN,MAX,STEP)= 500,24990,5  DAY(MIN,MAX,STEP)=-20,50,0.2 

	 mB = 10.6350 - 2.5*log10(x0)  

 Read SALT2 ERROR MAPS: 
  Read  SALT2-VAR0  SED  from : 
    /project2/rkessler/PRODUCTS/SNDATA_ROOT/models/SALT2/SALT2.P18_UV2IR/salt2_lc_relative_variance_0.dat 

ERRMAP: WARNING for ERRMAP file 0: salt2_lc_relative_variance_0.dat
ERRMAP:     SED_LAMRANGE:    500.0 to 24990.0 A
ERRMAP:     ERRMAP_LAMRANGE: 1700.0 to 25100.0 A does not cover SED_LAMRANGE
  Read  SALT2-VAR1  SED  from : 
    /project2/rkessler/PRODUCTS/SNDATA_ROOT/models/SALT2/SALT2.P18_UV2IR/salt2_lc_relative_variance_1.dat 

ERRMAP: WARNING for ERRMAP file 1: salt2_lc_relative_variance_1.dat
ERRMAP:     SED_LAMRANGE:    500.0 to 24990.0 A
ERRMAP:     ERRMAP_LAMRANGE: 1700.0 to 25100.0 A does not cover SED_LAMRANGE
  Read  SALT2-COVAR  SED  from : 
    /project2/rkessler/PRODUCTS/SNDATA_ROOT/models/SALT2/SALT2.P18_UV2IR/salt2_lc_relative_covariance_01.dat 

ERRMAP: WARNING for ERRMAP file 2: salt2_lc_relative_covariance_01.dat
ERRMAP:     SED_LAMRANGE:    500.0 to 24990.0 A
ERRMAP:     ERRMAP_LAMRANGE: 1700.0 to 25100.0 A does not cover SED_LAMRANGE
  Read  SALT2-ERRSCALE  SED  from : 
    /project2/rkessler/PRODUCTS/SNDATA_ROOT/models/SALT2/SALT2.P18_UV2IR/salt2_lc_dispersion_scaling.dat 

ERRMAP: WARNING for ERRMAP file 3: salt2_lc_dispersion_scaling.dat
ERRMAP:     SED_LAMRANGE:    500.0 to 24990.0 A
ERRMAP:     ERRMAP_LAMRANGE: 1650.0 to 25050.0 A does not cover SED_LAMRANGE

  Read color-dispersion vs. lambda from salt2_color_dispersion.dat 

ERRMAP: WARNING for ERRMAP file 4: salt2_color_dispersion.dat
ERRMAP:     SED_LAMRANGE:    500.0 to 24990.0 A
ERRMAP:     ERRMAP_LAMRANGE: 1700.0 to 25000.0 A does not cover SED_LAMRANGE
  Create ColorLaw Table: COLOR(MIN,MAX,STEP) = -2.0,2.0,0.01

                               peak     color  
            LAMBDA(A)  e^CL    dS0/S0   disp   
  --------------------------------------------- 
  LAMINFO:    2000     0.000   0.0041   1.309  
  LAMINFO:    2500     0.000   0.0041   0.435  
  LAMINFO:    3000     0.022   0.0089   0.170  
  LAMINFO:    3500     0.261   0.0065   0.078  
  LAMINFO:    3560     0.312   0.0059   0.072  
  LAMINFO:    3900     0.631   0.0045   0.047  
  LAMINFO:    4302     1.000   0.0007   0.031  
  LAMINFO:    4720     1.405   0.0045   0.023  
  LAMINFO:    5428     2.512   0.0051   0.017  
  LAMINFO:    6185     4.219   0.0136   0.018  
  LAMINFO:    6500     4.725   0.0167   0.020  
  LAMINFO:    7500     5.843   0.0541   0.047  
  LAMINFO:    8030     6.604   0.0718   0.094  
  LAMINFO:    8500     7.361   0.1581   0.204  
  LAMINFO:    9210     8.673   0.1541   0.196  
  LAMINFO:    9940    10.266   0.1484   0.187  

  init_genmag_SALT2 : Done. 
  
  ######################################################## 
    INIT_PRIOR_SIMEFF: sim-efficiency NOT used for PRIOR.       
  ######################################################## 
  
   
    SN-MODEL  LAMBDA RANGE:  1200. - 23000.
    USER-DEF  LAMBDA RANGE:  3800. -  8200.
    Final     LAMBDA RANGE:  3800. -  8200.
   
   SECOND-ITERATION EPOCH-REJECTION CUTS: 
     REJECT  delchi2      >    1.00000000E+09
     REJECT  signal/noise <   -9.00000000    
     REJECT  Trest        <   -15.0000000    
     REJECT  Trest        >    45.0000000    
     REJECT  MJD          <   -900000000.    
     REJECT  MJD          >    900000000.    
   
  
   FINAL FIT CUTS: 
     REQUIRE MINOS ERROR for DLAMG        :  F
     REQUIRE MINOS ERROR for ALL   FITPAR :  F
     REQUIRE MINOS ERROR for ALL-1 FITPAR :  F
     FIT-SIGMACHI2     >   -900000000.    
     FIT-PROB(final)   >    9.99999978E-03
     FIT-PROB(no marg) >   -900000000.    
   
    Valid ERROR(ITER      ) must be >   0.01000
    Valid ERROR(ISN       ) must be >   0.01000
    Valid ERROR(PKMJD     ) must be >   0.01000
    Valid ERROR(x1        ) must be >   0.00100
    Valid ERROR(BIDON005  ) must be >   0.01000
    Valid ERROR(c         ) must be >   0.00100
    Valid ERROR(mB        ) must be >   0.01000
    Valid ERROR(x0        ) must be >   0.00000
    Valid ERROR(REDSHIFT  ) must be >   0.00050
   
    FIT-ERROR fudge =   0.02 * max(Flux)   for ITER <= 1
  
  ######################################################## 
    INIT PEAKMJD PRIOR =  EXP[ -(PKMJD-PKMJD_INI)^2/   5^2 ]            
  ######################################################## 
  
  
  ######################################################## 
    INIT x1 PRIOR: -4.00 to  4.00  Gauss roll sigma= 0.10               
  ######################################################## 
  
  
                                                               
  
  ######################################################## 
    INIT c PRIOR: -0.40 to  0.60  Gauss roll sigma= 0.01                
  ######################################################## 
  
  
                                                               
  
  ######################################################## 
    CALL USRINI
  ######################################################## 
  



   `|```````|`    
   <| o\ /o |>    
    | ' ; ' |     
    |  ___  |     ABORT program on Fatal Error. 
    | |' '| |     
    | `---' |     
    \_______/    

 FATAL ERROR ABORT called by 
   Could not find README file
   /scratch/midway2/rkessler/

