Check DONE files in 
 /project2/rkessler/SURVEYS/WFIRST/ROOT/SALT3/examples/wfirst/A1_SHALLOW/SPLIT_JOBS_LCFIT 

 Thu Jan 23 09:29:46 2020  ->  Check DONE files. 
 Thu Jan 23 09:30:06 2020  ->  Check DONE files. 
 Thu Jan 23 09:30:26 2020  ->  Check DONE files. 
 Thu Jan 23 09:30:46 2020  ->  Check DONE files. 
 Thu Jan 23 09:31:06 2020  ->  Check DONE files. 
 Thu Jan 23 09:31:26 2020  ->  Check DONE files. 
 Thu Jan 23 09:31:46 2020  ->  Check DONE files. 
 Thu Jan 23 09:32:06 2020  ->  Check DONE files. 
 Thu Jan 23 09:32:26 2020  ->  Check DONE files. 
 Thu Jan 23 09:32:46 2020  ->  Check DONE files. 
 Thu Jan 23 09:33:06 2020  ->  Check DONE files. 
 Thu Jan 23 09:33:26 2020  ->  Check DONE files. 
 Thu Jan 23 09:33:46 2020  ->  Check DONE files. 
 Thu Jan 23 09:34:06 2020  ->  Check DONE files. 
 Thu Jan 23 09:34:26 2020  ->  Check DONE files. 
 Thu Jan 23 09:34:47 2020  ->  Check DONE files. 
 Thu Jan 23 09:35:07 2020  ->  Check DONE files. 
 Thu Jan 23 09:35:27 2020  ->  Check DONE files. 
 Thu Jan 23 09:35:47 2020  ->  Check DONE files. 
 Found required 10 ALLSurveys_Spec_DMS_SALT2_FITOPT000*DONE files.
	   0 ALLSurveys_Spec_DMS_SALT2_FITOPT000 jobs finished gracefully. 
	  20 ALLSurveys_Spec_DMS_SALT2_FITOPT000 jobs ABORTED. 


 Merge FITRES TEXT-table for ALLSurveys_Spec_DMS_SALT2(FITOPT000) 
 Thu Jan 23 09:36:08 2020  ->  Check DONE files. 
 Thu Jan 23 09:36:28 2020  ->  Check DONE files. 
 Thu Jan 23 09:36:48 2020  ->  Check DONE files. 
 Thu Jan 23 09:37:08 2020  ->  Check DONE files. 
 Thu Jan 23 09:37:28 2020  ->  Check DONE files. 
 Thu Jan 23 09:37:48 2020  ->  Check DONE files. 
 Thu Jan  WARNING: some jobs did not finish properly.
	 (NGRACE=10  NEXPECT=20) 

 DONE: all jobs have finished and are merged. 
  Check DONE files. 
 Thu Jan 23 09:39:08 2020  ->  Check DONE files. 
 Thu Jan 23 09:39:28 2020  ->  Check DONE files. 
 Thu Jan 23 09:39:48 2020  ->  Check DONE files. 
 Thu Jan 23 09:40:08 2020  ->  Check DONE files. 
 Thu Jan 23 09:40:28 2020  ->  Check DONE files. 
 Thu Jan 23 09:40:48 2020  ->  Check DONE files. 
 Thu Jan 23 09:41:08 2020  ->  Check DONE files. 
 Thu Jan 23 09:41:28 2020  ->  Check DONE files. 
 Thu Jan 23 09:41:48 2020  ->  Check DONE files. 
 Found required 10 AllSurveys_Spec_DMS_BYO_FITOPT000*DONE files.
	  10 AllSurveys_Spec_DMS_BYO_FITOPT000 jobs finished gracefully. 
	   0 AllSurveys_Spec_DMS_BYO_FITOPT000 jobs ABORTED. 


 Merge FITRES TEXT-table for AllSurveys_Spec_DMS_BYO(FITOPT000) 
 Thu Jan 23 09:42:10 2020  ->  Check DONE files. 

 Finished merging in OUTDIR = 
  /project2/rkessler/SURVEYS/WFIRST/ROOT/SALT3/examples/wfirst/A1_SHALLOW 
